<?xml version="1.0" encoding="UTF-8"?>
<robot generator="Robot 4.0.3 (Python 3.9.5 on win32)" generated="20210607 17:35:35.981" rpa="false" schemaversion="2">
<suite id="s1" name="TC2" source="C:\Users\LQA\PycharmProjects\pythonProject\Testcases\TC2.robot">
<test id="s1-t1" name="CreateAccountFail">
<kw name="Open Browser" library="Selenium2Library">
<arg>browser</arg>
<doc>Opens a new browser instance to the optional ``url``.</doc>
<msg timestamp="20210607 17:35:36.277" level="INFO">Opening browser 'firefox' to base url 'browser'.</msg>
<msg timestamp="20210607 17:35:36.302" level="INFO">Firefox driver log is always forced to to: C:\Users\LQA\PycharmProjects\pythonProject\geckodriver-1.log</msg>
<kw name="Capture Page Screenshot" library="Selenium2Library">
<doc>Takes a screenshot of the current page and embeds it into a log file.</doc>
<msg timestamp="20210607 17:35:36.325" level="INFO">Cannot capture screenshot because no browser is open.</msg>
<status status="PASS" starttime="20210607 17:35:36.325" endtime="20210607 17:35:36.326"/>
</kw>
<msg timestamp="20210607 17:35:36.572" level="FAIL">WebDriverException: Message: 'geckodriver' executable needs to be in PATH. 
</msg>
<status status="FAIL" starttime="20210607 17:35:36.277" endtime="20210607 17:35:36.572"/>
</kw>
<kw name="Maximize Browser Window" library="Selenium2Library">
<doc>Maximizes current browser window.</doc>
<status status="NOT RUN" starttime="20210607 17:35:36.573" endtime="20210607 17:35:36.573"/>
</kw>
<kw name="Click Element" library="Selenium2Library">
<arg>${signInLocator}</arg>
<doc>Click the element identified by ``locator``.</doc>
<status status="NOT RUN" starttime="20210607 17:35:36.573" endtime="20210607 17:35:36.574"/>
</kw>
<kw name="Wait Until Page Contains" library="Selenium2Library">
<arg>${containsTextPage}</arg>
<arg>timeout=10</arg>
<arg>error=false</arg>
<doc>Waits until ``text`` appears on the current page.</doc>
<status status="NOT RUN" starttime="20210607 17:35:36.574" endtime="20210607 17:35:36.574"/>
</kw>
<kw name="Input Text" library="Selenium2Library">
<arg>${inputEmailLoc}</arg>
<arg>${emailFakeError}</arg>
<doc>Types the given ``text`` into the text field identified by ``locator``.</doc>
<status status="NOT RUN" starttime="20210607 17:35:36.574" endtime="20210607 17:35:36.575"/>
</kw>
<kw name="Click Button" library="Selenium2Library">
<arg>${createAccButtonLoc}</arg>
<doc>Clicks the button identified by ``locator``.</doc>
<status status="NOT RUN" starttime="20210607 17:35:36.576" endtime="20210607 17:35:36.576"/>
</kw>
<kw name="Wait Until Page Contains" library="Selenium2Library">
<arg>${containsTextCreateAccountFail}</arg>
<doc>Waits until ``text`` appears on the current page.</doc>
<status status="NOT RUN" starttime="20210607 17:35:36.576" endtime="20210607 17:35:36.576"/>
</kw>
<kw name="Element Should Be Enabled" library="Selenium2Library">
<arg>${errorEmailTextLoc}</arg>
<doc>Verifies that element identified by ``locator`` is enabled.</doc>
<status status="NOT RUN" starttime="20210607 17:35:36.576" endtime="20210607 17:35:36.576"/>
</kw>
<kw name="Close Browser" library="Selenium2Library">
<doc>Closes the current browser.</doc>
<status status="NOT RUN" starttime="20210607 17:35:36.577" endtime="20210607 17:35:36.577"/>
</kw>
<status status="FAIL" starttime="20210607 17:35:36.276" endtime="20210607 17:35:36.577">WebDriverException: Message: 'geckodriver' executable needs to be in PATH. 
</status>
</test>
<test id="s1-t2" name="CreateAccountSuccess">
<kw name="Open Browser" library="Selenium2Library">
<arg>${linkweb}</arg>
<arg>${browser}</arg>
<doc>Opens a new browser instance to the optional ``url``.</doc>
<msg timestamp="20210607 17:35:36.581" level="FAIL">Variable '${linkweb}' not found.</msg>
<status status="FAIL" starttime="20210607 17:35:36.580" endtime="20210607 17:35:36.581"/>
</kw>
<kw name="Maximize Browser Window" library="Selenium2Library">
<doc>Maximizes current browser window.</doc>
<status status="NOT RUN" starttime="20210607 17:35:36.581" endtime="20210607 17:35:36.581"/>
</kw>
<kw name="Click Element" library="Selenium2Library">
<arg>${signInLocator}</arg>
<doc>Click the element identified by ``locator``.</doc>
<status status="NOT RUN" starttime="20210607 17:35:36.582" endtime="20210607 17:35:36.582"/>
</kw>
<kw name="Wait Until Page Contains" library="Selenium2Library">
<arg>${containsTextPage}</arg>
<arg>timeout=10</arg>
<arg>error=false</arg>
<doc>Waits until ``text`` appears on the current page.</doc>
<status status="NOT RUN" starttime="20210607 17:35:36.582" endtime="20210607 17:35:36.582"/>
</kw>
<kw name="Input Text" library="Selenium2Library">
<arg>${inputEmailLoc}</arg>
<arg>${emailFake}</arg>
<doc>Types the given ``text`` into the text field identified by ``locator``.</doc>
<status status="NOT RUN" starttime="20210607 17:35:36.582" endtime="20210607 17:35:36.583"/>
</kw>
<kw name="Click Button" library="Selenium2Library">
<arg>${createAccButtonLoc}</arg>
<doc>Clicks the button identified by ``locator``.</doc>
<status status="NOT RUN" starttime="20210607 17:35:36.583" endtime="20210607 17:35:36.583"/>
</kw>
<kw name="Wait Until Element Is Visible" library="Selenium2Library">
<arg>${genderbuttonloc}</arg>
<arg>timeout=10</arg>
<arg>error=false</arg>
<doc>Waits until the element ``locator`` is visible.</doc>
<status status="NOT RUN" starttime="20210607 17:35:36.583" endtime="20210607 17:35:36.584"/>
</kw>
<kw name="Click Button" library="Selenium2Library">
<arg>${genderButtonLoc}</arg>
<doc>Clicks the button identified by ``locator``.</doc>
<status status="NOT RUN" starttime="20210607 17:35:36.584" endtime="20210607 17:35:36.584"/>
</kw>
<kw name="Input Text" library="Selenium2Library">
<arg>${firstnameinputloc}</arg>
<arg>ngoc</arg>
<doc>Types the given ``text`` into the text field identified by ``locator``.</doc>
<status status="NOT RUN" starttime="20210607 17:35:36.584" endtime="20210607 17:35:36.584"/>
</kw>
<kw name="Input Text" library="Selenium2Library">
<arg>${lastnameinputloc}</arg>
<arg>ngoc</arg>
<doc>Types the given ``text`` into the text field identified by ``locator``.</doc>
<status status="NOT RUN" starttime="20210607 17:35:36.585" endtime="20210607 17:35:36.585"/>
</kw>
<kw name="Input Text" library="Selenium2Library">
<arg>${passwordinputloc}</arg>
<arg>112345678</arg>
<doc>Types the given ``text`` into the text field identified by ``locator``.</doc>
<status status="NOT RUN" starttime="20210607 17:35:36.585" endtime="20210607 17:35:36.585"/>
</kw>
<kw name="Input Text" library="Selenium2Library">
<arg>${frtnameaddressinputloc}</arg>
<arg>ngoc</arg>
<doc>Types the given ``text`` into the text field identified by ``locator``.</doc>
<status status="NOT RUN" starttime="20210607 17:35:36.585" endtime="20210607 17:35:36.586"/>
</kw>
<kw name="Input Text" library="Selenium2Library">
<arg>${lstnameaddressinputloc}</arg>
<arg>ngoc</arg>
<doc>Types the given ``text`` into the text field identified by ``locator``.</doc>
<status status="NOT RUN" starttime="20210607 17:35:36.586" endtime="20210607 17:35:36.586"/>
</kw>
<kw name="Input Text" library="Selenium2Library">
<arg>${addressinputloc}</arg>
<arg>ngoc</arg>
<doc>Types the given ``text`` into the text field identified by ``locator``.</doc>
<status status="NOT RUN" starttime="20210607 17:35:36.586" endtime="20210607 17:35:36.586"/>
</kw>
<kw name="Input Text" library="Selenium2Library">
<arg>${cityinputloc}</arg>
<arg>ngoc</arg>
<doc>Types the given ``text`` into the text field identified by ``locator``.</doc>
<status status="NOT RUN" starttime="20210607 17:35:36.587" endtime="20210607 17:35:36.587"/>
</kw>
<kw name="Select From List By Index" library="Selenium2Library">
<arg>${stateselectloc}</arg>
<arg>ngoc</arg>
<doc>Selects options from selection list ``locator`` by ``indexes``.</doc>
<status status="NOT RUN" starttime="20210607 17:35:36.587" endtime="20210607 17:35:36.587"/>
</kw>
<kw name="Input Text" library="Selenium2Library">
<arg>${zipcodeinputloc}</arg>
<arg>10001</arg>
<doc>Types the given ``text`` into the text field identified by ``locator``.</doc>
<status status="NOT RUN" starttime="20210607 17:35:36.587" endtime="20210607 17:35:36.587"/>
</kw>
<kw name="Input Text" library="Selenium2Library">
<arg>${mobileinputloc}</arg>
<arg>1232131232</arg>
<doc>Types the given ``text`` into the text field identified by ``locator``.</doc>
<status status="NOT RUN" starttime="20210607 17:35:36.588" endtime="20210607 17:35:36.588"/>
</kw>
<kw name="Input Text" library="Selenium2Library">
<arg>${assignaddressinputloc}</arg>
<arg>ngovanngoc2014@ymail.com</arg>
<doc>Types the given ``text`` into the text field identified by ``locator``.</doc>
<status status="NOT RUN" starttime="20210607 17:35:36.588" endtime="20210607 17:35:36.588"/>
</kw>
<kw name="Click Button" library="Selenium2Library">
<arg>${registerbuttonloc}</arg>
<doc>Clicks the button identified by ``locator``.</doc>
<status status="NOT RUN" starttime="20210607 17:35:36.588" endtime="20210607 17:35:36.589"/>
</kw>
<kw name="Wait Until Element Is Enabled" library="Selenium2Library">
<arg>${createaccsuccesstextloc}</arg>
<arg>timeout=10</arg>
<arg>error=false</arg>
<doc>Waits until the element ``locator`` is enabled.</doc>
<status status="NOT RUN" starttime="20210607 17:35:36.589" endtime="20210607 17:35:36.589"/>
</kw>
<kw name="Close Browser" library="Selenium2Library">
<doc>Closes the current browser.</doc>
<status status="NOT RUN" starttime="20210607 17:35:36.589" endtime="20210607 17:35:36.589"/>
</kw>
<status status="FAIL" starttime="20210607 17:35:36.579" endtime="20210607 17:35:36.589">Variable '${linkweb}' not found.</status>
</test>
<status status="FAIL" starttime="20210607 17:35:35.984" endtime="20210607 17:35:36.592"/>
</suite>
<statistics>
<total>
<stat pass="0" fail="2" skip="0">All Tests</stat>
</total>
<tag>
</tag>
<suite>
<stat pass="0" fail="2" skip="0" id="s1" name="TC2">TC2</stat>
</suite>
</statistics>
<errors>
<msg timestamp="20210607 17:35:36.274" level="ERROR">Error in file 'C:\Users\LQA\PycharmProjects\pythonProject\Testcases\TC2.robot' on line 3: Importing library 'locatorxpath/LoactorTest.robot' failed: ModuleNotFoundError: No module named 'locatorxpath/LoactorTest'
Traceback (most recent call last):
  None
PYTHONPATH:
  C:\Users\LQA\PycharmProjects\pythonProject\venv\Scripts\robot.exe
  C:\Users\LQA\AppData\Local\Programs\Python\Python39\python39.zip
  C:\Users\LQA\AppData\Local\Programs\Python\Python39\DLLs
  C:\Users\LQA\AppData\Local\Programs\Python\Python39\lib
  C:\Users\LQA\AppData\Local\Programs\Python\Python39
  c:\users\lqa\pycharmprojects\pythonproject\venv
  c:\users\lqa\pycharmprojects\pythonproject\venv\lib\site-packages</msg>
</errors>
</robot>
